<?xml version="1.0" encoding="UTF-8"?>
<testsuite xmlns:xsi="http://www.w3.org/2001/XMLSchema-instance" xsi:noNamespaceSchemaLocation="https://maven.apache.org/surefire/maven-surefire-plugin/xsd/surefire-test-report-3.0.xsd" version="3.0" name="TestSuite" time="5.574" tests="16" errors="0" skipped="0" failures="0">
  <properties>
[...]
</properties>
  <testcase name="createBooks_emptyFields" classname="tests.BooksEdgeTest" time="1.591">
    <system-err><![CDATA[SLF4J: Failed to load class "org.slf4j.impl.StaticLoggerBinder".
SLF4J: Defaulting to no-operation (NOP) logger implementation
SLF4J: See http://www.slf4j.org/codes.html#StaticLoggerBinder for further details.
]]></system-err>
  </testcase>
  <testcase name="createBooks_emptyPayload" classname="tests.BooksEdgeTest" time="0.216"/>
  <testcase name="createBooks_invalidDataTypes" classname="tests.BooksEdgeTest" time="0.218"/>
  <testcase name="deleteBook_invalidPathParameter" classname="tests.BooksEdgeTest" time="0.257"/>
  <testcase name="getBookById_nonExistentID" classname="tests.BooksEdgeTest" time="0.198"/>
  <testcase name="updateBook_emptyFields" classname="tests.BooksEdgeTest" time="0.255"/>
  <testcase name="updateBook_emptyPayload" classname="tests.BooksEdgeTest" time="0.226"/>
  <testcase name="updateBook_invalidDataTypes" classname="tests.BooksEdgeTest" time="0.22"/>
  <testcase name="createAuthor_invalidDataTypes" classname="tests.AuthorsEdgeTest" time="0.22"/>
  <testcase name="createAuthors_emptyFields" classname="tests.AuthorsEdgeTest" time="0.212"/>
  <testcase name="createAuthors_emptyPayload" classname="tests.AuthorsEdgeTest" time="0.221"/>
  <testcase name="deleteAuthor_invalidPathParameter" classname="tests.AuthorsEdgeTest" time="0.263"/>
  <testcase name="getAuthorById_nonExistentID" classname="tests.AuthorsEdgeTest" time="0.187"/>
  <testcase name="updateAuthor_emptyFields" classname="tests.AuthorsEdgeTest" time="0.262"/>
  <testcase name="updateAuthor_emptyPayload" classname="tests.AuthorsEdgeTest" time="0.193"/>
  <testcase name="updateAuthor_invalidDataTypes" classname="tests.AuthorsEdgeTest" time="0.196"/>
</testsuite>