<?xml version="1.0" encoding="UTF-8"?>
<testsuite xmlns:xsi="http://www.w3.org/2001/XMLSchema-instance" xsi:noNamespaceSchemaLocation="https://maven.apache.org/surefire/maven-surefire-plugin/xsd/surefire-test-report-3.0.xsd" version="3.0" name="TestSuite" time="13.737" tests="26" errors="0" skipped="0" failures="0">
  <properties>
[...]
</properties>
  <testcase name="createBooks_shouldReturnValidResponse" classname="tests.BooksTest" time="4.126">
    <system-err><![CDATA[SLF4J: Failed to load class "org.slf4j.impl.StaticLoggerBinder".
SLF4J: Defaulting to no-operation (NOP) logger implementation
SLF4J: See http://www.slf4j.org/codes.html#StaticLoggerBinder for further details.
]]></system-err>
  </testcase>
  <testcase name="deleteBook_shouldReturnSuccess" classname="tests.BooksTest" time="0.258"/>
  <testcase name="getBookById_shouldReturnValidBook" classname="tests.BooksTest" time="0.235"/>
  <testcase name="getBooks_shouldReturnNonEmptyList" classname="tests.BooksTest" time="0.989"/>
  <testcase name="updateBook_shouldReturnUpdatedData" classname="tests.BooksTest" time="0.242"/>
  <testcase name="createBooks_emptyFields" classname="tests.BooksEdgeTest" time="0.237"/>
  <testcase name="createBooks_emptyPayload" classname="tests.BooksEdgeTest" time="0.223"/>
  <testcase name="createBooks_invalidDataTypes" classname="tests.BooksEdgeTest" time="0.235"/>
  <testcase name="deleteBook_invalidPathParameter" classname="tests.BooksEdgeTest" time="0.233"/>
  <testcase name="getBookById_nonExistentID" classname="tests.BooksEdgeTest" time="0.224"/>
  <testcase name="updateBook_emptyFields" classname="tests.BooksEdgeTest" time="0.227"/>
  <testcase name="updateBook_emptyPayload" classname="tests.BooksEdgeTest" time="0.218"/>
  <testcase name="updateBook_invalidDataTypes" classname="tests.BooksEdgeTest" time="0.219"/>
  <testcase name="createAuthor_shouldReturnValidResponse" classname="tests.AuthorsTest" time="0.251"/>
  <testcase name="deleteAuthor_shouldReturnSuccess" classname="tests.AuthorsTest" time="0.207"/>
  <testcase name="getAuthorsById_shouldReturnValidAuthor" classname="tests.AuthorsTest" time="0.224"/>
  <testcase name="getBooks_shouldReturnNonEmptyList" classname="tests.AuthorsTest" time="0.97"/>
  <testcase name="updateAuthor_shouldReturnUpdatedData" classname="tests.AuthorsTest" time="0.208"/>
  <testcase name="createAuthor_invalidDataTypes" classname="tests.AuthorsEdgeTest" time="0.224"/>
  <testcase name="createAuthors_emptyFields" classname="tests.AuthorsEdgeTest" time="0.232"/>
  <testcase name="createAuthors_emptyPayload" classname="tests.AuthorsEdgeTest" time="0.248"/>
  <testcase name="deleteAuthor_invalidPathParameter" classname="tests.AuthorsEdgeTest" time="0.322"/>
  <testcase name="getAuthorById_nonExistentID" classname="tests.AuthorsEdgeTest" time="0.401"/>
  <testcase name="updateAuthor_emptyFields" classname="tests.AuthorsEdgeTest" time="0.384"/>
  <testcase name="updateAuthor_emptyPayload" classname="tests.AuthorsEdgeTest" time="0.363"/>
  <testcase name="updateAuthor_invalidDataTypes" classname="tests.AuthorsEdgeTest" time="0.4"/>
</testsuite>