<?xml version="1.0" encoding="UTF-8"?>
<testng-results ignored="0" total="16" passed="16" failed="0" skipped="0">
  <reporter-output>
  </reporter-output>
  <suite started-at="2026-04-06T13:45:08 CEST" name="Bookstore API Suite" finished-at="2026-04-06T13:45:13 CEST" duration-ms="5038">
    <groups>
      <group name="edge">
        <method signature="AuthorsEdgeTest.createAuthor_invalidDataTypes()[pri:0, instance:tests.AuthorsEdgeTest@15bb5034]" name="createAuthor_invalidDataTypes" class="tests.AuthorsEdgeTest"/>
        <method signature="AuthorsEdgeTest.createAuthors_emptyFields()[pri:0, instance:tests.AuthorsEdgeTest@15bb5034]" name="createAuthors_emptyFields" class="tests.AuthorsEdgeTest"/>
        <method signature="AuthorsEdgeTest.createAuthors_emptyPayload()[pri:0, instance:tests.AuthorsEdgeTest@15bb5034]" name="createAuthors_emptyPayload" class="tests.AuthorsEdgeTest"/>
        <method signature="AuthorsEdgeTest.deleteAuthor_invalidPathParameter()[pri:0, instance:tests.AuthorsEdgeTest@15bb5034]" name="deleteAuthor_invalidPathParameter" class="tests.AuthorsEdgeTest"/>
        <method signature="AuthorsEdgeTest.getAuthorById_nonExistentID()[pri:0, instance:tests.AuthorsEdgeTest@15bb5034]" name="getAuthorById_nonExistentID" class="tests.AuthorsEdgeTest"/>
        <method signature="AuthorsEdgeTest.updateAuthor_emptyFields()[pri:0, instance:tests.AuthorsEdgeTest@15bb5034]" name="updateAuthor_emptyFields" class="tests.AuthorsEdgeTest"/>
        <method signature="AuthorsEdgeTest.updateAuthor_emptyPayload()[pri:0, instance:tests.AuthorsEdgeTest@15bb5034]" name="updateAuthor_emptyPayload" class="tests.AuthorsEdgeTest"/>
        <method signature="AuthorsEdgeTest.updateAuthor_invalidDataTypes()[pri:0, instance:tests.AuthorsEdgeTest@15bb5034]" name="updateAuthor_invalidDataTypes" class="tests.AuthorsEdgeTest"/>
        <method signature="BooksEdgeTest.createBooks_emptyFields()[pri:0, instance:tests.BooksEdgeTest@6e9175d8]" name="createBooks_emptyFields" class="tests.BooksEdgeTest"/>
        <method signature="BooksEdgeTest.createBooks_emptyPayload()[pri:0, instance:tests.BooksEdgeTest@6e9175d8]" name="createBooks_emptyPayload" class="tests.BooksEdgeTest"/>
        <method signature="BooksEdgeTest.createBooks_invalidDataTypes()[pri:0, instance:tests.BooksEdgeTest@6e9175d8]" name="createBooks_invalidDataTypes" class="tests.BooksEdgeTest"/>
        <method signature="BooksEdgeTest.deleteBook_invalidPathParameter()[pri:0, instance:tests.BooksEdgeTest@6e9175d8]" name="deleteBook_invalidPathParameter" class="tests.BooksEdgeTest"/>
        <method signature="BooksEdgeTest.getBookById_nonExistentID()[pri:0, instance:tests.BooksEdgeTest@6e9175d8]" name="getBookById_nonExistentID" class="tests.BooksEdgeTest"/>
        <method signature="BooksEdgeTest.updateBook_emptyFields()[pri:0, instance:tests.BooksEdgeTest@6e9175d8]" name="updateBook_emptyFields" class="tests.BooksEdgeTest"/>
        <method signature="BooksEdgeTest.updateBook_emptyPayload()[pri:0, instance:tests.BooksEdgeTest@6e9175d8]" name="updateBook_emptyPayload" class="tests.BooksEdgeTest"/>
        <method signature="BooksEdgeTest.updateBook_invalidDataTypes()[pri:0, instance:tests.BooksEdgeTest@6e9175d8]" name="updateBook_invalidDataTypes" class="tests.BooksEdgeTest"/>
      </group> <!-- edge -->
    </groups>
    <test started-at="2026-04-06T13:45:08 CEST" name="Bookstore Tests" finished-at="2026-04-06T13:45:13 CEST" duration-ms="5038">
      <class name="tests.BooksEdgeTest">
        <test-method signature="createBooks_emptyFields()[pri:0, instance:tests.BooksEdgeTest@6e9175d8]" started-at="2026-04-06T13:45:08 CEST" name="createBooks_emptyFields" finished-at="2026-04-06T13:45:09 CEST" duration-ms="1555" status="PASS">
          <reporter-output>
          </reporter-output>
        </test-method> <!-- createBooks_emptyFields -->
        <test-method signature="createBooks_emptyPayload()[pri:0, instance:tests.BooksEdgeTest@6e9175d8]" started-at="2026-04-06T13:45:09 CEST" name="createBooks_emptyPayload" finished-at="2026-04-06T13:45:10 CEST" duration-ms="214" status="PASS">
          <reporter-output>
          </reporter-output>
        </test-method> <!-- createBooks_emptyPayload -->
        <test-method signature="createBooks_invalidDataTypes()[pri:0, instance:tests.BooksEdgeTest@6e9175d8]" started-at="2026-04-06T13:45:10 CEST" name="createBooks_invalidDataTypes" finished-at="2026-04-06T13:45:10 CEST" duration-ms="215" status="PASS">
          <reporter-output>
          </reporter-output>
        </test-method> <!-- createBooks_invalidDataTypes -->
        <test-method signature="deleteBook_invalidPathParameter()[pri:0, instance:tests.BooksEdgeTest@6e9175d8]" started-at="2026-04-06T13:45:10 CEST" name="deleteBook_invalidPathParameter" finished-at="2026-04-06T13:45:10 CEST" duration-ms="256" status="PASS">
          <reporter-output>
          </reporter-output>
        </test-method> <!-- deleteBook_invalidPathParameter -->
        <test-method signature="getBookById_nonExistentID()[pri:0, instance:tests.BooksEdgeTest@6e9175d8]" started-at="2026-04-06T13:45:10 CEST" name="getBookById_nonExistentID" finished-at="2026-04-06T13:45:10 CEST" duration-ms="197" status="PASS">
          <reporter-output>
          </reporter-output>
        </test-method> <!-- getBookById_nonExistentID -->
        <test-method signature="updateBook_emptyFields()[pri:0, instance:tests.BooksEdgeTest@6e9175d8]" started-at="2026-04-06T13:45:10 CEST" name="updateBook_emptyFields" finished-at="2026-04-06T13:45:10 CEST" duration-ms="252" status="PASS">
          <reporter-output>
          </reporter-output>
        </test-method> <!-- updateBook_emptyFields -->
        <test-method signature="updateBook_emptyPayload()[pri:0, instance:tests.BooksEdgeTest@6e9175d8]" started-at="2026-04-06T13:45:10 CEST" name="updateBook_emptyPayload" finished-at="2026-04-06T13:45:11 CEST" duration-ms="225" status="PASS">
          <reporter-output>
          </reporter-output>
        </test-method> <!-- updateBook_emptyPayload -->
        <test-method signature="updateBook_invalidDataTypes()[pri:0, instance:tests.BooksEdgeTest@6e9175d8]" started-at="2026-04-06T13:45:11 CEST" name="updateBook_invalidDataTypes" finished-at="2026-04-06T13:45:11 CEST" duration-ms="217" status="PASS">
          <reporter-output>
          </reporter-output>
        </test-method> <!-- updateBook_invalidDataTypes -->
      </class> <!-- tests.BooksEdgeTest -->
      <class name="tests.AuthorsEdgeTest">
        <test-method is-config="true" signature="setup()[pri:0, instance:tests.AuthorsEdgeTest@15bb5034]" started-at="2026-04-06T13:45:11 CEST" name="setup" finished-at="2026-04-06T13:45:11 CEST" duration-ms="3" status="PASS">
          <reporter-output>
          </reporter-output>
        </test-method> <!-- setup -->
        <test-method signature="createAuthor_invalidDataTypes()[pri:0, instance:tests.AuthorsEdgeTest@15bb5034]" started-at="2026-04-06T13:45:11 CEST" name="createAuthor_invalidDataTypes" finished-at="2026-04-06T13:45:11 CEST" duration-ms="219" status="PASS">
          <reporter-output>
          </reporter-output>
        </test-method> <!-- createAuthor_invalidDataTypes -->
        <test-method is-config="true" signature="setup()[pri:0, instance:tests.AuthorsEdgeTest@15bb5034]" started-at="2026-04-06T13:45:11 CEST" name="setup" finished-at="2026-04-06T13:45:11 CEST" duration-ms="1" status="PASS">
          <reporter-output>
          </reporter-output>
        </test-method> <!-- setup -->
        <test-method signature="createAuthors_emptyFields()[pri:0, instance:tests.AuthorsEdgeTest@15bb5034]" started-at="2026-04-06T13:45:11 CEST" name="createAuthors_emptyFields" finished-at="2026-04-06T13:45:11 CEST" duration-ms="211" status="PASS">
          <reporter-output>
          </reporter-output>
        </test-method> <!-- createAuthors_emptyFields -->
        <test-method is-config="true" signature="setup()[pri:0, instance:tests.AuthorsEdgeTest@15bb5034]" started-at="2026-04-06T13:45:11 CEST" name="setup" finished-at="2026-04-06T13:45:11 CEST" duration-ms="0" status="PASS">
          <reporter-output>
          </reporter-output>
        </test-method> <!-- setup -->
        <test-method signature="createAuthors_emptyPayload()[pri:0, instance:tests.AuthorsEdgeTest@15bb5034]" started-at="2026-04-06T13:45:11 CEST" name="createAuthors_emptyPayload" finished-at="2026-04-06T13:45:12 CEST" duration-ms="219" status="PASS">
          <reporter-output>
          </reporter-output>
        </test-method> <!-- createAuthors_emptyPayload -->
        <test-method is-config="true" signature="setup()[pri:0, instance:tests.AuthorsEdgeTest@15bb5034]" started-at="2026-04-06T13:45:12 CEST" name="setup" finished-at="2026-04-06T13:45:12 CEST" duration-ms="0" status="PASS">
          <reporter-output>
          </reporter-output>
        </test-method> <!-- setup -->
        <test-method signature="deleteAuthor_invalidPathParameter()[pri:0, instance:tests.AuthorsEdgeTest@15bb5034]" started-at="2026-04-06T13:45:12 CEST" name="deleteAuthor_invalidPathParameter" finished-at="2026-04-06T13:45:12 CEST" duration-ms="262" status="PASS">
          <reporter-output>
          </reporter-output>
        </test-method> <!-- deleteAuthor_invalidPathParameter -->
        <test-method is-config="true" signature="setup()[pri:0, instance:tests.AuthorsEdgeTest@15bb5034]" started-at="2026-04-06T13:45:12 CEST" name="setup" finished-at="2026-04-06T13:45:12 CEST" duration-ms="1" status="PASS">
          <reporter-output>
          </reporter-output>
        </test-method> <!-- setup -->
        <test-method signature="getAuthorById_nonExistentID()[pri:0, instance:tests.AuthorsEdgeTest@15bb5034]" started-at="2026-04-06T13:45:12 CEST" name="getAuthorById_nonExistentID" finished-at="2026-04-06T13:45:12 CEST" duration-ms="186" status="PASS">
          <reporter-output>
          </reporter-output>
        </test-method> <!-- getAuthorById_nonExistentID -->
        <test-method is-config="true" signature="setup()[pri:0, instance:tests.AuthorsEdgeTest@15bb5034]" started-at="2026-04-06T13:45:12 CEST" name="setup" finished-at="2026-04-06T13:45:12 CEST" duration-ms="0" status="PASS">
          <reporter-output>
          </reporter-output>
        </test-method> <!-- setup -->
        <test-method signature="updateAuthor_emptyFields()[pri:0, instance:tests.AuthorsEdgeTest@15bb5034]" started-at="2026-04-06T13:45:12 CEST" name="updateAuthor_emptyFields" finished-at="2026-04-06T13:45:12 CEST" duration-ms="259" status="PASS">
          <reporter-output>
          </reporter-output>
        </test-method> <!-- updateAuthor_emptyFields -->
        <test-method is-config="true" signature="setup()[pri:0, instance:tests.AuthorsEdgeTest@15bb5034]" started-at="2026-04-06T13:45:12 CEST" name="setup" finished-at="2026-04-06T13:45:12 CEST" duration-ms="0" status="PASS">
          <reporter-output>
          </reporter-output>
        </test-method> <!-- setup -->
        <test-method signature="updateAuthor_emptyPayload()[pri:0, instance:tests.AuthorsEdgeTest@15bb5034]" started-at="2026-04-06T13:45:12 CEST" name="updateAuthor_emptyPayload" finished-at="2026-04-06T13:45:13 CEST" duration-ms="191" status="PASS">
          <reporter-output>
          </reporter-output>
        </test-method> <!-- updateAuthor_emptyPayload -->
        <test-method is-config="true" signature="setup()[pri:0, instance:tests.AuthorsEdgeTest@15bb5034]" started-at="2026-04-06T13:45:13 CEST" name="setup" finished-at="2026-04-06T13:45:13 CEST" duration-ms="0" status="PASS">
          <reporter-output>
          </reporter-output>
        </test-method> <!-- setup -->
        <test-method signature="updateAuthor_invalidDataTypes()[pri:0, instance:tests.AuthorsEdgeTest@15bb5034]" started-at="2026-04-06T13:45:13 CEST" name="updateAuthor_invalidDataTypes" finished-at="2026-04-06T13:45:13 CEST" duration-ms="196" status="PASS">
          <reporter-output>
          </reporter-output>
        </test-method> <!-- updateAuthor_invalidDataTypes -->
      </class> <!-- tests.AuthorsEdgeTest -->
    </test> <!-- Bookstore Tests -->
  </suite> <!-- Bookstore API Suite -->
</testng-results>
