<?xml version="1.0" encoding="UTF-8"?>
<!-- Generated by org.testng.reporters.JUnitReportReporter -->
<testsuite hostname="MK-W-DPGPKG3" failures="0" tests="8" name="tests.AuthorsEdgeTest" time="1.748" errors="0" timestamp="2026-04-06T13:45:13 CEST" skipped="0">
  <testcase classname="tests.AuthorsEdgeTest" name="deleteAuthor_invalidPathParameter" time="0.262"/>
  <testcase classname="tests.AuthorsEdgeTest" name="createAuthors_emptyFields" time="0.212"/>
  <testcase classname="tests.AuthorsEdgeTest" name="updateAuthor_emptyPayload" time="0.192"/>
  <testcase classname="tests.AuthorsEdgeTest" name="updateAuthor_invalidDataTypes" time="0.196"/>
  <testcase classname="tests.AuthorsEdgeTest" name="createAuthor_invalidDataTypes" time="0.219"/>
  <testcase classname="tests.AuthorsEdgeTest" name="updateAuthor_emptyFields" time="0.259"/>
  <testcase classname="tests.AuthorsEdgeTest" name="createAuthors_emptyPayload" time="0.222"/>
  <testcase classname="tests.AuthorsEdgeTest" name="getAuthorById_nonExistentID" time="0.186"/>
</testsuite> <!-- tests.AuthorsEdgeTest -->
