<?xml version="1.0" encoding="UTF-8"?>
<!-- Generated by org.testng.reporters.JUnitReportReporter -->
<testsuite hostname="MK-W-DPGPKG3" failures="0" tests="8" name="tests.BooksEdgeTest" time="3.131" errors="0" timestamp="2026-04-06T13:45:13 CEST" skipped="0">
  <testcase classname="tests.BooksEdgeTest" name="createBooks_emptyPayload" time="0.214"/>
  <testcase classname="tests.BooksEdgeTest" name="deleteBook_invalidPathParameter" time="0.256"/>
  <testcase classname="tests.BooksEdgeTest" name="createBooks_emptyFields" time="1.555"/>
  <testcase classname="tests.BooksEdgeTest" name="updateBook_invalidDataTypes" time="0.217"/>
  <testcase classname="tests.BooksEdgeTest" name="updateBook_emptyPayload" time="0.225"/>
  <testcase classname="tests.BooksEdgeTest" name="updateBook_emptyFields" time="0.252"/>
  <testcase classname="tests.BooksEdgeTest" name="createBooks_invalidDataTypes" time="0.215"/>
  <testcase classname="tests.BooksEdgeTest" name="getBookById_nonExistentID" time="0.197"/>
</testsuite> <!-- tests.BooksEdgeTest -->
