<?xml version="1.0" encoding="UTF-8"?>
<!-- Generated by org.testng.reporters.JUnitReportReporter -->
<testsuite hostname="1d8735c55d2d" failures="0" tests="5" name="tests.BooksTest" time="5.848" errors="0" timestamp="2026-04-06T10:59:57 UTC" skipped="0">
  <testcase classname="tests.BooksTest" name="getBooks_shouldReturnNonEmptyList" time="0.983"/>
  <testcase classname="tests.BooksTest" name="deleteBook_shouldReturnSuccess" time="0.254"/>
  <testcase classname="tests.BooksTest" name="getBookById_shouldReturnValidBook" time="0.232"/>
  <testcase classname="tests.BooksTest" name="updateBook_shouldReturnUpdatedData" time="0.266"/>
  <testcase classname="tests.BooksTest" name="createBooks_shouldReturnValidResponse" time="4.113"/>
</testsuite> <!-- tests.BooksTest -->
