<?xml version="1.0" encoding="UTF-8"?>
<!-- Generated by org.testng.reporters.JUnitReportReporter -->
<testsuite hostname="1d8735c55d2d" failures="0" tests="5" name="tests.AuthorsTest" time="1.846" errors="0" timestamp="2026-04-06T10:59:57 UTC" skipped="0">
  <testcase classname="tests.AuthorsTest" name="deleteAuthor_shouldReturnSuccess" time="0.205"/>
  <testcase classname="tests.AuthorsTest" name="createAuthor_shouldReturnValidResponse" time="0.248"/>
  <testcase classname="tests.AuthorsTest" name="updateAuthor_shouldReturnUpdatedData" time="0.206"/>
  <testcase classname="tests.AuthorsTest" name="getAuthorsById_shouldReturnValidAuthor" time="0.221"/>
  <testcase classname="tests.AuthorsTest" name="getBooks_shouldReturnNonEmptyList" time="0.966"/>
</testsuite> <!-- tests.AuthorsTest -->
