<?xml version="1.0" encoding="UTF-8"?>
<!-- Generated by org.testng.reporters.JUnitReportReporter -->
<testsuite hostname="1d8735c55d2d" failures="0" tests="8" name="tests.AuthorsEdgeTest" time="2.534" errors="0" timestamp="2026-04-06T10:59:56 UTC" skipped="0">
  <testcase classname="tests.AuthorsEdgeTest" name="createAuthor_invalidDataTypes" time="0.220"/>
  <testcase classname="tests.AuthorsEdgeTest" name="updateAuthor_emptyFields" time="0.375"/>
  <testcase classname="tests.AuthorsEdgeTest" name="createAuthors_emptyPayload" time="0.245"/>
  <testcase classname="tests.AuthorsEdgeTest" name="getAuthorById_nonExistentID" time="0.392"/>
  <testcase classname="tests.AuthorsEdgeTest" name="updateAuthor_invalidDataTypes" time="0.397"/>
  <testcase classname="tests.AuthorsEdgeTest" name="deleteAuthor_invalidPathParameter" time="0.319"/>
  <testcase classname="tests.AuthorsEdgeTest" name="updateAuthor_emptyPayload" time="0.359"/>
  <testcase classname="tests.AuthorsEdgeTest" name="createAuthors_emptyFields" time="0.227"/>
</testsuite> <!-- tests.AuthorsEdgeTest -->
