<?xml version="1.0" encoding="UTF-8"?>
<!-- Generated by org.testng.reporters.JUnitReportReporter -->
<testsuite hostname="1d8735c55d2d" failures="0" tests="8" name="tests.BooksEdgeTest" time="1.782" errors="0" timestamp="2026-04-06T10:59:57 UTC" skipped="0">
  <testcase classname="tests.BooksEdgeTest" name="createBooks_invalidDataTypes" time="0.232"/>
  <testcase classname="tests.BooksEdgeTest" name="getBookById_nonExistentID" time="0.220"/>
  <testcase classname="tests.BooksEdgeTest" name="deleteBook_invalidPathParameter" time="0.227"/>
  <testcase classname="tests.BooksEdgeTest" name="updateBook_emptyPayload" time="0.215"/>
  <testcase classname="tests.BooksEdgeTest" name="createBooks_emptyPayload" time="0.219"/>
  <testcase classname="tests.BooksEdgeTest" name="updateBook_emptyFields" time="0.223"/>
  <testcase classname="tests.BooksEdgeTest" name="updateBook_invalidDataTypes" time="0.214"/>
  <testcase classname="tests.BooksEdgeTest" name="createBooks_emptyFields" time="0.232"/>
</testsuite> <!-- tests.BooksEdgeTest -->
