<?xml version="1.0" encoding="UTF-8"?>
<!-- Generated by org.testng.reporters.JUnitXMLReporter -->
<testsuite ignored="10" hostname="MK-W-DPGPKG3" failures="0" tests="16" name="Bookstore Tests" time="5.038" errors="0" timestamp="2026-04-06T13:45:13 CEST">
  <testcase classname="tests.BooksEdgeTest" name="createBooks_emptyFields" time="1.555"/>
  <testcase classname="tests.BooksEdgeTest" name="createBooks_emptyPayload" time="0.214"/>
  <testcase classname="tests.BooksEdgeTest" name="createBooks_invalidDataTypes" time="0.215"/>
  <testcase classname="tests.BooksEdgeTest" name="deleteBook_invalidPathParameter" time="0.256"/>
  <testcase classname="tests.BooksEdgeTest" name="getBookById_nonExistentID" time="0.197"/>
  <testcase classname="tests.BooksEdgeTest" name="updateBook_emptyFields" time="0.252"/>
  <testcase classname="tests.BooksEdgeTest" name="updateBook_emptyPayload" time="0.225"/>
  <testcase classname="tests.BooksEdgeTest" name="updateBook_invalidDataTypes" time="0.217"/>
  <testcase classname="tests.AuthorsEdgeTest" name="createAuthor_invalidDataTypes" time="0.219"/>
  <testcase classname="tests.AuthorsEdgeTest" name="createAuthors_emptyFields" time="0.211"/>
  <testcase classname="tests.AuthorsEdgeTest" name="createAuthors_emptyPayload" time="0.219"/>
  <testcase classname="tests.AuthorsEdgeTest" name="deleteAuthor_invalidPathParameter" time="0.262"/>
  <testcase classname="tests.AuthorsEdgeTest" name="getAuthorById_nonExistentID" time="0.186"/>
  <testcase classname="tests.AuthorsEdgeTest" name="updateAuthor_emptyFields" time="0.259"/>
  <testcase classname="tests.AuthorsEdgeTest" name="updateAuthor_emptyPayload" time="0.191"/>
  <testcase classname="tests.AuthorsEdgeTest" name="updateAuthor_invalidDataTypes" time="0.196"/>
  <testcase classname="tests.AuthorsTest" name="getAuthorsById_shouldReturnValidAuthor" time="0.0">
    <ignored/>
  </testcase> <!-- getAuthorsById_shouldReturnValidAuthor -->
  <testcase classname="tests.BooksTest" name="updateBook_shouldReturnUpdatedData" time="0.0">
    <ignored/>
  </testcase> <!-- updateBook_shouldReturnUpdatedData -->
  <testcase classname="tests.AuthorsTest" name="deleteAuthor_shouldReturnSuccess" time="0.0">
    <ignored/>
  </testcase> <!-- deleteAuthor_shouldReturnSuccess -->
  <testcase classname="tests.BooksTest" name="createBooks_shouldReturnValidResponse" time="0.0">
    <ignored/>
  </testcase> <!-- createBooks_shouldReturnValidResponse -->
  <testcase classname="tests.BooksTest" name="getBooks_shouldReturnNonEmptyList" time="0.0">
    <ignored/>
  </testcase> <!-- getBooks_shouldReturnNonEmptyList -->
  <testcase classname="tests.BooksTest" name="getBookById_shouldReturnValidBook" time="0.0">
    <ignored/>
  </testcase> <!-- getBookById_shouldReturnValidBook -->
  <testcase classname="tests.AuthorsTest" name="getBooks_shouldReturnNonEmptyList" time="0.0">
    <ignored/>
  </testcase> <!-- getBooks_shouldReturnNonEmptyList -->
  <testcase classname="tests.AuthorsTest" name="updateAuthor_shouldReturnUpdatedData" time="0.0">
    <ignored/>
  </testcase> <!-- updateAuthor_shouldReturnUpdatedData -->
  <testcase classname="tests.AuthorsTest" name="createAuthor_shouldReturnValidResponse" time="0.0">
    <ignored/>
  </testcase> <!-- createAuthor_shouldReturnValidResponse -->
  <testcase classname="tests.BooksTest" name="deleteBook_shouldReturnSuccess" time="0.0">
    <ignored/>
  </testcase> <!-- deleteBook_shouldReturnSuccess -->
</testsuite> <!-- Bookstore Tests -->
