<?xml version="1.0" encoding="UTF-8"?>
<!-- Generated by org.testng.reporters.JUnitXMLReporter -->
<testsuite ignored="0" hostname="1d8735c55d2d" failures="0" tests="26" name="Bookstore Tests" time="12.423" errors="0" timestamp="2026-04-06T10:59:56 UTC">
  <testcase classname="tests.BooksTest" name="createBooks_shouldReturnValidResponse" time="4.112"/>
  <testcase classname="tests.BooksTest" name="deleteBook_shouldReturnSuccess" time="0.254"/>
  <testcase classname="tests.BooksTest" name="getBookById_shouldReturnValidBook" time="0.232"/>
  <testcase classname="tests.BooksTest" name="getBooks_shouldReturnNonEmptyList" time="0.983"/>
  <testcase classname="tests.BooksTest" name="updateBook_shouldReturnUpdatedData" time="0.239"/>
  <testcase classname="tests.BooksEdgeTest" name="createBooks_emptyFields" time="0.232"/>
  <testcase classname="tests.BooksEdgeTest" name="createBooks_emptyPayload" time="0.219"/>
  <testcase classname="tests.BooksEdgeTest" name="createBooks_invalidDataTypes" time="0.232"/>
  <testcase classname="tests.BooksEdgeTest" name="deleteBook_invalidPathParameter" time="0.227"/>
  <testcase classname="tests.BooksEdgeTest" name="getBookById_nonExistentID" time="0.22"/>
  <testcase classname="tests.BooksEdgeTest" name="updateBook_emptyFields" time="0.223"/>
  <testcase classname="tests.BooksEdgeTest" name="updateBook_emptyPayload" time="0.215"/>
  <testcase classname="tests.BooksEdgeTest" name="updateBook_invalidDataTypes" time="0.214"/>
  <testcase classname="tests.AuthorsTest" name="createAuthor_shouldReturnValidResponse" time="0.248"/>
  <testcase classname="tests.AuthorsTest" name="deleteAuthor_shouldReturnSuccess" time="0.204"/>
  <testcase classname="tests.AuthorsTest" name="getAuthorsById_shouldReturnValidAuthor" time="0.221"/>
  <testcase classname="tests.AuthorsTest" name="getBooks_shouldReturnNonEmptyList" time="0.965"/>
  <testcase classname="tests.AuthorsTest" name="updateAuthor_shouldReturnUpdatedData" time="0.205"/>
  <testcase classname="tests.AuthorsEdgeTest" name="createAuthor_invalidDataTypes" time="0.22"/>
  <testcase classname="tests.AuthorsEdgeTest" name="createAuthors_emptyFields" time="0.226"/>
  <testcase classname="tests.AuthorsEdgeTest" name="createAuthors_emptyPayload" time="0.245"/>
  <testcase classname="tests.AuthorsEdgeTest" name="deleteAuthor_invalidPathParameter" time="0.319"/>
  <testcase classname="tests.AuthorsEdgeTest" name="getAuthorById_nonExistentID" time="0.392"/>
  <testcase classname="tests.AuthorsEdgeTest" name="updateAuthor_emptyFields" time="0.375"/>
  <testcase classname="tests.AuthorsEdgeTest" name="updateAuthor_emptyPayload" time="0.358"/>
  <testcase classname="tests.AuthorsEdgeTest" name="updateAuthor_invalidDataTypes" time="0.397"/>
</testsuite> <!-- Bookstore Tests -->
